2018-10-22 20:26:50.602  INFO 10192 --- [main] latte.LatteApplication                   : Starting LatteApplication v0.0.1-SNAPSHOT on yuta-PC with PID 10192 (D:\workspace_spring\latte\target\latte-0.0.1-SNAPSHOT.jar started by yuta in D:\workspace_spring\latte\target)
2018-10-22 20:26:50.618  INFO 10192 --- [main] latte.LatteApplication                   : No active profile set, falling back to default profiles: default
2018-10-22 20:26:51.031  INFO 10192 --- [main] ationConfigEmbeddedWebApplicationContext : Refreshing org.springframework.boot.context.embedded.AnnotationConfigEmbeddedWebApplicationContext@5b37e0d2: startup date [Mon Oct 22 20:26:51 JST 2018]; root of context hierarchy
2018-10-22 20:26:54.317  INFO 10192 --- [main] s.b.c.e.t.TomcatEmbeddedServletContainer : Tomcat initialized with port(s): 8080 (http)
2018-10-22 20:26:54.348  INFO 10192 --- [main] o.apache.catalina.core.StandardService   : Starting service [Tomcat]
2018-10-22 20:26:54.348  INFO 10192 --- [main] org.apache.catalina.core.StandardEngine  : Starting Servlet Engine: Apache Tomcat/8.5.15
2018-10-22 20:26:54.897  INFO 10192 --- [localhost-startStop-1] o.a.c.c.C.[Tomcat].[localhost].[/]       : Initializing Spring embedded WebApplicationContext
2018-10-22 20:26:54.897  INFO 10192 --- [localhost-startStop-1] o.s.web.context.ContextLoader            : Root WebApplicationContext: initialization completed in 3897 ms
2018-10-22 20:26:55.240  INFO 10192 --- [localhost-startStop-1] o.s.b.w.servlet.FilterRegistrationBean   : Mapping filter: 'characterEncodingFilter' to: [/*]
2018-10-22 20:26:55.240  INFO 10192 --- [localhost-startStop-1] o.s.b.w.servlet.FilterRegistrationBean   : Mapping filter: 'hiddenHttpMethodFilter' to: [/*]
2018-10-22 20:26:55.240  INFO 10192 --- [localhost-startStop-1] o.s.b.w.servlet.FilterRegistrationBean   : Mapping filter: 'httpPutFormContentFilter' to: [/*]
2018-10-22 20:26:55.240  INFO 10192 --- [localhost-startStop-1] o.s.b.w.servlet.FilterRegistrationBean   : Mapping filter: 'requestContextFilter' to: [/*]
2018-10-22 20:26:55.240  INFO 10192 --- [localhost-startStop-1] .s.DelegatingFilterProxyRegistrationBean : Mapping filter: 'springSecurityFilterChain' to: [/*]
2018-10-22 20:26:55.240  INFO 10192 --- [localhost-startStop-1] o.s.b.w.servlet.ServletRegistrationBean  : Mapping servlet: 'dispatcherServlet' to [/]
2018-10-22 20:26:55.887  INFO 10192 --- [main] j.LocalContainerEntityManagerFactoryBean : Building JPA container EntityManagerFactory for persistence unit 'default'
2018-10-22 20:26:55.918  INFO 10192 --- [main] o.hibernate.jpa.internal.util.LogHelper  : HHH000204: Processing PersistenceUnitInfo [
	name: default
	...]
2018-10-22 20:26:56.074  INFO 10192 --- [main] org.hibernate.Version                    : HHH000412: Hibernate Core {5.0.12.Final}
2018-10-22 20:26:56.074  INFO 10192 --- [main] org.hibernate.cfg.Environment            : HHH000206: hibernate.properties not found
2018-10-22 20:26:56.074  INFO 10192 --- [main] org.hibernate.cfg.Environment            : HHH000021: Bytecode provider name : javassist
2018-10-22 20:26:56.215  INFO 10192 --- [main] o.hibernate.annotations.common.Version   : HCANN000001: Hibernate Commons Annotations {5.0.1.Final}
2018-10-22 20:26:56.934  INFO 10192 --- [main] org.hibernate.dialect.Dialect            : HHH000400: Using dialect: org.hibernate.dialect.MySQL5Dialect
2018-10-22 20:26:57.693  INFO 10192 --- [main] o.h.tool.hbm2ddl.SchemaValidator         : HHH000229: Running schema validator
2018-10-22 20:26:57.943  INFO 10192 --- [main] j.LocalContainerEntityManagerFactoryBean : Initialized JPA EntityManagerFactory for persistence unit 'default'
2018-10-22 20:26:58.349  INFO 10192 --- [main] o.h.h.i.QueryTranslatorFactoryInitiator  : HHH000397: Using ASTQueryTranslatorFactory
2018-10-22 20:27:00.296  INFO 10192 --- [main] o.s.s.web.DefaultSecurityFilterChain     : Creating filter chain: org.springframework.security.web.util.matcher.AnyRequestMatcher@1, [org.springframework.security.web.context.request.async.WebAsyncManagerIntegrationFilter@6759f091, org.springframework.security.web.context.SecurityContextPersistenceFilter@3359c978, org.springframework.security.web.header.HeaderWriterFilter@7af707e0, org.springframework.security.web.csrf.CsrfFilter@60297f36, org.springframework.security.web.authentication.logout.LogoutFilter@6df20ade, org.springframework.security.web.authentication.UsernamePasswordAuthenticationFilter@535b8c24, org.springframework.security.web.savedrequest.RequestCacheAwareFilter@73386d72, org.springframework.security.web.servletapi.SecurityContextHolderAwareRequestFilter@584f5497, org.springframework.security.web.authentication.AnonymousAuthenticationFilter@33a053d, org.springframework.security.web.session.SessionManagementFilter@3ecedf21, org.springframework.security.web.access.ExceptionTranslationFilter@2ba45490, org.springframework.security.web.access.intercept.FilterSecurityInterceptor@757f675c]
2018-10-22 20:27:00.946  INFO 10192 --- [main] s.w.s.m.m.a.RequestMappingHandlerAdapter : Looking for @ControllerAdvice: org.springframework.boot.context.embedded.AnnotationConfigEmbeddedWebApplicationContext@5b37e0d2: startup date [Mon Oct 22 20:26:51 JST 2018]; root of context hierarchy
2018-10-22 20:27:01.165  INFO 10192 --- [main] s.w.s.m.m.a.RequestMappingHandlerMapping : Mapped "{[/loginForm]}" onto public java.lang.String latte.app.controller.A0101_LoginController.show()
2018-10-22 20:27:01.165  INFO 10192 --- [main] s.w.s.m.m.a.RequestMappingHandlerMapping : Mapped "{[/C0101/search],methods=[GET]}" onto public java.lang.String latte.app.controller.C0101_EntryEventController.search(java.lang.String,java.lang.String,org.springframework.ui.Model)
2018-10-22 20:27:01.165  INFO 10192 --- [main] s.w.s.m.m.a.RequestMappingHandlerMapping : Mapped "{[/C0101],methods=[GET || POST]}" onto public java.lang.String latte.app.controller.C0101_EntryEventController.show(latte.app.form.C0101_EntryEventForm,latte.domain.service.LoginUserDetails,org.springframework.ui.Model)
2018-10-22 20:27:01.181  INFO 10192 --- [main] s.w.s.m.m.a.RequestMappingHandlerMapping : Mapped "{[/C0102/submit/{eventId}],methods=[POST]}" onto public java.lang.String latte.app.controller.C0102_EntryEventController.apply(latte.app.form.C0102_EntryEventForm,org.springframework.validation.BindingResult,java.lang.Integer,latte.domain.service.LoginUserDetails,org.springframework.web.servlet.mvc.support.RedirectAttributes)
2018-10-22 20:27:01.181  INFO 10192 --- [main] s.w.s.m.m.a.RequestMappingHandlerMapping : Mapped "{[/C0102/submit/{eventId}],methods=[POST],params=[apply && entryKubun=“r’†ŽQ‰Á]}" onto public java.lang.String latte.app.controller.C0102_EntryEventController.applySpecifiedTime(latte.app.form.C0102_EntryEventForm,org.springframework.validation.BindingResult,java.lang.Integer,latte.domain.service.LoginUserDetails,org.springframework.web.servlet.mvc.support.RedirectAttributes)
2018-10-22 20:27:01.181  INFO 10192 --- [main] s.w.s.m.m.a.RequestMappingHandlerMapping : Mapped "{[/C0102/select/event/{eventId}/{memberId}],methods=[GET]}" onto public java.lang.String latte.app.controller.C0102_EntryEventController.showEventDataAdminEdit(latte.app.form.C0102_EntryEventForm,java.lang.Integer,java.lang.Integer,latte.domain.service.LoginUserDetails,org.springframework.ui.Model)
2018-10-22 20:27:01.181  INFO 10192 --- [main] s.w.s.m.m.a.RequestMappingHandlerMapping : Mapped "{[/C0102/select/event/{eventId}],methods=[GET]}" onto public java.lang.String latte.app.controller.C0102_EntryEventController.showEventDataApply(latte.app.form.C0102_EntryEventForm,java.lang.Integer,latte.domain.service.LoginUserDetails,org.springframework.ui.Model)
2018-10-22 20:27:01.181  INFO 10192 --- [main] s.w.s.m.m.a.RequestMappingHandlerMapping : Mapped "{[/C0102/submit/{eventId}/{memberId}],methods=[POST],params=[edit && entryKubun=“r’†ŽQ‰Á]}" onto public java.lang.String latte.app.controller.C0102_EntryEventController.editSpecifiedTime(latte.app.form.C0102_EntryEventForm,org.springframework.validation.BindingResult,java.lang.Integer,java.lang.Integer,latte.domain.service.LoginUserDetails,org.springframework.web.servlet.mvc.support.RedirectAttributes)
2018-10-22 20:27:01.181  INFO 10192 --- [main] s.w.s.m.m.a.RequestMappingHandlerMapping : Mapped "{[/C0102/submit/{eventId}/{memberId}],methods=[POST]}" onto public java.lang.String latte.app.controller.C0102_EntryEventController.edit(latte.app.form.C0102_EntryEventForm,org.springframework.validation.BindingResult,java.lang.Integer,java.lang.Integer,latte.domain.service.LoginUserDetails,org.springframework.web.servlet.mvc.support.RedirectAttributes)
2018-10-22 20:27:01.181  INFO 10192 --- [main] s.w.s.m.m.a.RequestMappingHandlerMapping : Mapped "{[/C0901/submit],methods=[POST],params=[update]}" onto public java.lang.String latte.app.controller.C0901_ChangePWController.update(latte.app.form.C0901_ChangePWForm,org.springframework.validation.BindingResult,latte.domain.service.LoginUserDetails,org.springframework.web.servlet.mvc.support.RedirectAttributes)
2018-10-22 20:27:01.181  INFO 10192 --- [main] s.w.s.m.m.a.RequestMappingHandlerMapping : Mapped "{[/C0901],methods=[GET]}" onto public java.lang.String latte.app.controller.C0901_ChangePWController.show(latte.app.form.C0901_ChangePWForm,org.springframework.ui.Model)
2018-10-22 20:27:01.181  INFO 10192 --- [main] s.w.s.m.m.a.RequestMappingHandlerMapping : Mapped "{[/C0902],methods=[GET]}" onto public java.lang.String latte.app.controller.C0902_ChangeIconController.show(latte.domain.service.LoginUserDetails,org.springframework.ui.Model)
2018-10-22 20:27:01.181  INFO 10192 --- [main] s.w.s.m.m.a.RequestMappingHandlerMapping : Mapped "{[/C0902/upload],methods=[POST]}" onto public java.lang.String latte.app.controller.C0902_ChangeIconController.upload(org.springframework.web.multipart.MultipartFile,latte.domain.service.LoginUserDetails,org.springframework.ui.Model)
2018-10-22 20:27:01.181  INFO 10192 --- [main] s.w.s.m.m.a.RequestMappingHandlerMapping : Mapped "{[/K0101/submit/{eventId}],methods=[POST],params=[register]}" onto public java.lang.String latte.app.controller.K0101_EventMngController.register(latte.app.form.K0101_EventMngForm,org.springframework.validation.BindingResult,latte.domain.service.LoginUserDetails,org.springframework.web.servlet.mvc.support.RedirectAttributes)
2018-10-22 20:27:01.181  INFO 10192 --- [main] s.w.s.m.m.a.RequestMappingHandlerMapping : Mapped "{[/K0101/submit/{eventId}],methods=[POST],params=[update]}" onto public java.lang.String latte.app.controller.K0101_EventMngController.update(latte.app.form.K0101_EventMngForm,org.springframework.validation.BindingResult,latte.domain.service.LoginUserDetails,java.lang.Integer,org.springframework.web.servlet.mvc.support.RedirectAttributes)
2018-10-22 20:27:01.181  INFO 10192 --- [main] s.w.s.m.m.a.RequestMappingHandlerMapping : Mapped "{[/K0101],methods=[GET]}" onto public java.lang.String latte.app.controller.K0101_EventMngController.showNewMode(latte.app.form.K0101_EventMngForm,org.springframework.ui.Model)
2018-10-22 20:27:01.181  INFO 10192 --- [main] s.w.s.m.m.a.RequestMappingHandlerMapping : Mapped "{[/K0101/select/{eventId}],methods=[GET]}" onto public java.lang.String latte.app.controller.K0101_EventMngController.showUpdateMode(latte.app.form.K0101_EventMngForm,java.lang.Integer,org.springframework.ui.Model)
2018-10-22 20:27:01.181  INFO 10192 --- [main] s.w.s.m.m.a.RequestMappingHandlerMapping : Mapped "{[/K0102/submit/{eventId}],methods=[POST],params=[delete]}" onto public java.lang.String latte.app.controller.K0102_EventMngController.delete(java.lang.Integer,org.springframework.web.servlet.mvc.support.RedirectAttributes)
2018-10-22 20:27:01.196  INFO 10192 --- [main] s.w.s.m.m.a.RequestMappingHandlerMapping : Mapped "{[/K0102/submit/{eventId}],methods=[POST],params=[changeUkeState]}" onto public java.lang.String latte.app.controller.K0102_EventMngController.changeUkeState(java.lang.Integer,latte.domain.service.LoginUserDetails,org.springframework.web.servlet.mvc.support.RedirectAttributes)
2018-10-22 20:27:01.196  INFO 10192 --- [main] s.w.s.m.m.a.RequestMappingHandlerMapping : Mapped "{[/K0103/submit/{eventId}],methods=[GET]}" onto public java.lang.String latte.app.controller.K0103_EventMngController.calcFntryFee(java.lang.Integer,latte.domain.service.LoginUserDetails,org.springframework.web.servlet.mvc.support.RedirectAttributes)
2018-10-22 20:27:01.196  INFO 10192 --- [main] s.w.s.m.m.a.RequestMappingHandlerMapping : Mapped "{[/K0103/changeFlg],methods=[GET]}" onto public java.lang.String latte.app.controller.K0103_EventMngController.updateSeisanzumiFlg(java.lang.String,latte.domain.service.LoginUserDetails)
2018-10-22 20:27:01.196  INFO 10192 --- [main] s.w.s.m.m.a.RequestMappingHandlerMapping : Mapped "{[/K0103/select/{eventId}],methods=[GET || POST]}" onto public java.lang.String latte.app.controller.K0103_EventMngController.show(java.lang.Integer,org.springframework.ui.Model)
2018-10-22 20:27:01.196  INFO 10192 --- [main] s.w.s.m.m.a.RequestMappingHandlerMapping : Mapped "{[/K0103/changeEntryFee],methods=[GET]}" onto public java.lang.String latte.app.controller.K0103_EventMngController.updateEntryFee(java.lang.String,java.lang.String,latte.domain.service.LoginUserDetails)
2018-10-22 20:27:01.196  INFO 10192 --- [main] s.w.s.m.m.a.RequestMappingHandlerMapping : Mapped "{[/M0101/search],methods=[GET]}" onto public java.lang.String latte.app.controller.M0101_MemberMngController.search(latte.app.form.S0001_SearchForm,org.springframework.ui.Model)
2018-10-22 20:27:01.196  INFO 10192 --- [main] s.w.s.m.m.a.RequestMappingHandlerMapping : Mapped "{[/M0101],methods=[GET || POST]}" onto public java.lang.String latte.app.controller.M0101_MemberMngController.show(latte.app.form.S0001_SearchForm,org.springframework.ui.Model)
2018-10-22 20:27:01.196  INFO 10192 --- [main] s.w.s.m.m.a.RequestMappingHandlerMapping : Mapped "{[/M0102/submit/{memberId}],methods=[POST],params=[register]}" onto public java.lang.String latte.app.controller.M0102_MemberMngController.register(latte.app.form.M0102_MemberMngForm,org.springframework.validation.BindingResult,latte.domain.service.LoginUserDetails,org.springframework.web.servlet.mvc.support.RedirectAttributes)
2018-10-22 20:27:01.196  INFO 10192 --- [main] s.w.s.m.m.a.RequestMappingHandlerMapping : Mapped "{[/M0102/submit/{memberId}],methods=[POST],params=[update]}" onto public java.lang.String latte.app.controller.M0102_MemberMngController.update(latte.app.form.M0102_MemberMngForm,org.springframework.validation.BindingResult,latte.domain.service.LoginUserDetails,java.lang.Integer,org.springframework.web.servlet.mvc.support.RedirectAttributes)
2018-10-22 20:27:01.196  INFO 10192 --- [main] s.w.s.m.m.a.RequestMappingHandlerMapping : Mapped "{[/M0102],methods=[GET]}" onto public java.lang.String latte.app.controller.M0102_MemberMngController.showNewMode(latte.app.form.M0102_MemberMngForm,org.springframework.ui.Model)
2018-10-22 20:27:01.196  INFO 10192 --- [main] s.w.s.m.m.a.RequestMappingHandlerMapping : Mapped "{[/M0102/select/{memberId}],methods=[GET]}" onto public java.lang.String latte.app.controller.M0102_MemberMngController.showUpdateMode(latte.app.form.M0102_MemberMngForm,java.lang.Integer,org.springframework.ui.Model)
2018-10-22 20:27:01.196  INFO 10192 --- [main] s.w.s.m.m.a.RequestMappingHandlerMapping : Mapped "{[/M0103/submit/{memberId}],methods=[POST],params=[delete]}" onto public java.lang.String latte.app.controller.M0103_MemberMngController.delete(java.lang.Integer,org.springframework.web.servlet.mvc.support.RedirectAttributes)
2018-10-22 20:27:01.196  INFO 10192 --- [main] s.w.s.m.m.a.RequestMappingHandlerMapping : Mapped "{[/M0103/select/{memberId}],methods=[GET || POST]}" onto public java.lang.String latte.app.controller.M0103_MemberMngController.show(java.lang.Integer,org.springframework.ui.Model)
2018-10-22 20:27:01.196  INFO 10192 --- [main] s.w.s.m.m.a.RequestMappingHandlerMapping : Mapped "{[/M0104/submit/{memberId}],methods=[POST],params=[register]}" onto public java.lang.String latte.app.controller.M0104_MemberMngController.register(java.lang.Integer,latte.app.form.M0104_MemberMngForm,org.springframework.validation.BindingResult,latte.domain.service.LoginUserDetails,org.springframework.web.servlet.mvc.support.RedirectAttributes)
2018-10-22 20:27:01.196  INFO 10192 --- [main] s.w.s.m.m.a.RequestMappingHandlerMapping : Mapped "{[/M0104/submit/{memberId}],methods=[POST],params=[update]}" onto public java.lang.String latte.app.controller.M0104_MemberMngController.update(java.lang.Integer,latte.app.form.M0104_MemberMngForm,org.springframework.validation.BindingResult,latte.domain.service.LoginUserDetails,org.springframework.web.servlet.mvc.support.RedirectAttributes)
2018-10-22 20:27:01.196  INFO 10192 --- [main] s.w.s.m.m.a.RequestMappingHandlerMapping : Mapped "{[/M0104/select/{memberId}],methods=[GET]}" onto public java.lang.String latte.app.controller.M0104_MemberMngController.show(latte.app.form.M0104_MemberMngForm,java.lang.Integer,org.springframework.ui.Model)
2018-10-22 20:27:01.196  INFO 10192 --- [main] s.w.s.m.m.a.RequestMappingHandlerMapping : Mapped "{[/M0301/search],methods=[GET]}" onto public java.lang.String latte.app.controller.M0301_LocationMngController.search(latte.app.form.S0001_SearchForm,org.springframework.ui.Model)
2018-10-22 20:27:01.196  INFO 10192 --- [main] s.w.s.m.m.a.RequestMappingHandlerMapping : Mapped "{[/M0301],methods=[GET || POST]}" onto public java.lang.String latte.app.controller.M0301_LocationMngController.show(latte.app.form.S0001_SearchForm,org.springframework.ui.Model)
2018-10-22 20:27:01.196  INFO 10192 --- [main] s.w.s.m.m.a.RequestMappingHandlerMapping : Mapped "{[/M0302/submit/{locationId}],methods=[POST],params=[register]}" onto public java.lang.String latte.app.controller.M0302_LocationMngController.register(latte.app.form.M0302_LocationMngForm,org.springframework.validation.BindingResult,latte.domain.service.LoginUserDetails,org.springframework.web.servlet.mvc.support.RedirectAttributes)
2018-10-22 20:27:01.196  INFO 10192 --- [main] s.w.s.m.m.a.RequestMappingHandlerMapping : Mapped "{[/M0302/submit/{locationId}],methods=[POST],params=[update]}" onto public java.lang.String latte.app.controller.M0302_LocationMngController.update(latte.app.form.M0302_LocationMngForm,org.springframework.validation.BindingResult,latte.domain.service.LoginUserDetails,java.lang.Integer,org.springframework.web.servlet.mvc.support.RedirectAttributes)
2018-10-22 20:27:01.196  INFO 10192 --- [main] s.w.s.m.m.a.RequestMappingHandlerMapping : Mapped "{[/M0302/submit/{locationId}],methods=[POST],params=[delete]}" onto public java.lang.String latte.app.controller.M0302_LocationMngController.delete(latte.app.form.M0302_LocationMngForm,java.lang.Integer,org.springframework.web.servlet.mvc.support.RedirectAttributes)
2018-10-22 20:27:01.196  INFO 10192 --- [main] s.w.s.m.m.a.RequestMappingHandlerMapping : Mapped "{[/M0302],methods=[GET]}" onto public java.lang.String latte.app.controller.M0302_LocationMngController.showNewMode(latte.app.form.M0302_LocationMngForm,org.springframework.ui.Model)
2018-10-22 20:27:01.196  INFO 10192 --- [main] s.w.s.m.m.a.RequestMappingHandlerMapping : Mapped "{[/M0302/select/{locationId}],methods=[GET]}" onto public java.lang.String latte.app.controller.M0302_LocationMngController.showUpdateMode(latte.app.form.M0302_LocationMngForm,java.lang.Integer,org.springframework.ui.Model)
2018-10-22 20:27:01.196  INFO 10192 --- [main] s.w.s.m.m.a.RequestMappingHandlerMapping : Mapped "{[/M0501],methods=[POST],params=[register]}" onto public java.lang.String latte.app.controller.M0501_ChargeMngController.register(latte.app.form.M0501_ChargeMngForm,org.springframework.validation.BindingResult,latte.domain.service.LoginUserDetails,org.springframework.ui.Model)
2018-10-22 20:27:01.196  INFO 10192 --- [main] s.w.s.m.m.a.RequestMappingHandlerMapping : Mapped "{[/M0501],methods=[POST],params=[update]}" onto public java.lang.String latte.app.controller.M0501_ChargeMngController.update(latte.app.form.M0501_ChargeMngForm,org.springframework.validation.BindingResult,latte.domain.service.LoginUserDetails,org.springframework.ui.Model)
2018-10-22 20:27:01.196  INFO 10192 --- [main] s.w.s.m.m.a.RequestMappingHandlerMapping : Mapped "{[/M0501],methods=[POST],params=[delete]}" onto public java.lang.String latte.app.controller.M0501_ChargeMngController.delete(latte.app.form.M0501_ChargeMngForm,org.springframework.validation.BindingResult,org.springframework.ui.Model)
2018-10-22 20:27:01.196  INFO 10192 --- [main] s.w.s.m.m.a.RequestMappingHandlerMapping : Mapped "{[/M0501],methods=[GET]}" onto public java.lang.String latte.app.controller.M0501_ChargeMngController.show(latte.app.form.M0501_ChargeMngForm,org.springframework.ui.Model)
2018-10-22 20:27:01.212  INFO 10192 --- [main] s.w.s.m.m.a.RequestMappingHandlerMapping : Mapped "{[/error]}" onto public org.springframework.http.ResponseEntity<java.util.Map<java.lang.String, java.lang.Object>> org.springframework.boot.autoconfigure.web.BasicErrorController.error(javax.servlet.http.HttpServletRequest)
2018-10-22 20:27:01.212  INFO 10192 --- [main] s.w.s.m.m.a.RequestMappingHandlerMapping : Mapped "{[/error],produces=[text/html]}" onto public org.springframework.web.servlet.ModelAndView org.springframework.boot.autoconfigure.web.BasicErrorController.errorHtml(javax.servlet.http.HttpServletRequest,javax.servlet.http.HttpServletResponse)
2018-10-22 20:27:01.290  INFO 10192 --- [main] o.s.w.s.handler.SimpleUrlHandlerMapping  : Mapped URL path [/webjars/**] onto handler of type [class org.springframework.web.servlet.resource.ResourceHttpRequestHandler]
2018-10-22 20:27:01.290  INFO 10192 --- [main] o.s.w.s.handler.SimpleUrlHandlerMapping  : Mapped URL path [/**] onto handler of type [class org.springframework.web.servlet.resource.ResourceHttpRequestHandler]
2018-10-22 20:27:01.384  INFO 10192 --- [main] o.s.w.s.handler.SimpleUrlHandlerMapping  : Mapped URL path [/**/favicon.ico] onto handler of type [class org.springframework.web.servlet.resource.ResourceHttpRequestHandler]
2018-10-22 20:27:02.647  INFO 10192 --- [main] o.s.j.e.a.AnnotationMBeanExporter        : Registering beans for JMX exposure on startup
2018-10-22 20:27:02.721 ERROR 10192 --- [main] o.a.coyote.http11.Http11NioProtocol      : Failed to start end point associated with ProtocolHandler ["http-nio-8080"]

java.net.BindException: Address already in use: bind
	at sun.nio.ch.Net.bind0(Native Method) ~[na:1.8.0_141]
	at sun.nio.ch.Net.bind(Unknown Source) ~[na:1.8.0_141]
	at sun.nio.ch.Net.bind(Unknown Source) ~[na:1.8.0_141]
	at sun.nio.ch.ServerSocketChannelImpl.bind(Unknown Source) ~[na:1.8.0_141]
	at sun.nio.ch.ServerSocketAdaptor.bind(Unknown Source) ~[na:1.8.0_141]
	at org.apache.tomcat.util.net.NioEndpoint.bind(NioEndpoint.java:210) ~[tomcat-embed-core-8.5.15.jar!/:8.5.15]
	at org.apache.tomcat.util.net.AbstractEndpoint.start(AbstractEndpoint.java:978) ~[tomcat-embed-core-8.5.15.jar!/:8.5.15]
	at org.apache.coyote.AbstractProtocol.start(AbstractProtocol.java:628) ~[tomcat-embed-core-8.5.15.jar!/:8.5.15]
	at org.apache.catalina.connector.Connector.startInternal(Connector.java:1022) [tomcat-embed-core-8.5.15.jar!/:8.5.15]
	at org.apache.catalina.util.LifecycleBase.start(LifecycleBase.java:150) [tomcat-embed-core-8.5.15.jar!/:8.5.15]
	at org.apache.catalina.core.StandardService.addConnector(StandardService.java:225) [tomcat-embed-core-8.5.15.jar!/:8.5.15]
	at org.springframework.boot.context.embedded.tomcat.TomcatEmbeddedServletContainer.addPreviouslyRemovedConnectors(TomcatEmbeddedServletContainer.java:250) [spring-boot-1.5.4.RELEASE.jar!/:1.5.4.RELEASE]
	at org.springframework.boot.context.embedded.tomcat.TomcatEmbeddedServletContainer.start(TomcatEmbeddedServletContainer.java:193) [spring-boot-1.5.4.RELEASE.jar!/:1.5.4.RELEASE]
	at org.springframework.boot.context.embedded.EmbeddedWebApplicationContext.startEmbeddedServletContainer(EmbeddedWebApplicationContext.java:297) [spring-boot-1.5.4.RELEASE.jar!/:1.5.4.RELEASE]
	at org.springframework.boot.context.embedded.EmbeddedWebApplicationContext.finishRefresh(EmbeddedWebApplicationContext.java:145) [spring-boot-1.5.4.RELEASE.jar!/:1.5.4.RELEASE]
	at org.springframework.context.support.AbstractApplicationContext.refresh(AbstractApplicationContext.java:546) [spring-context-4.3.9.RELEASE.jar!/:4.3.9.RELEASE]
	at org.springframework.boot.context.embedded.EmbeddedWebApplicationContext.refresh(EmbeddedWebApplicationContext.java:122) [spring-boot-1.5.4.RELEASE.jar!/:1.5.4.RELEASE]
	at org.springframework.boot.SpringApplication.refresh(SpringApplication.java:693) [spring-boot-1.5.4.RELEASE.jar!/:1.5.4.RELEASE]
	at org.springframework.boot.SpringApplication.refreshContext(SpringApplication.java:360) [spring-boot-1.5.4.RELEASE.jar!/:1.5.4.RELEASE]
	at org.springframework.boot.SpringApplication.run(SpringApplication.java:303) [spring-boot-1.5.4.RELEASE.jar!/:1.5.4.RELEASE]
	at org.springframework.boot.SpringApplication.run(SpringApplication.java:1118) [spring-boot-1.5.4.RELEASE.jar!/:1.5.4.RELEASE]
	at org.springframework.boot.SpringApplication.run(SpringApplication.java:1107) [spring-boot-1.5.4.RELEASE.jar!/:1.5.4.RELEASE]
	at latte.LatteApplication.main(LatteApplication.java:10) [classes!/:0.0.1-SNAPSHOT]
	at sun.reflect.NativeMethodAccessorImpl.invoke0(Native Method) ~[na:1.8.0_141]
	at sun.reflect.NativeMethodAccessorImpl.invoke(Unknown Source) ~[na:1.8.0_141]
	at sun.reflect.DelegatingMethodAccessorImpl.invoke(Unknown Source) ~[na:1.8.0_141]
	at java.lang.reflect.Method.invoke(Unknown Source) ~[na:1.8.0_141]
	at org.springframework.boot.loader.MainMethodRunner.run(MainMethodRunner.java:48) [latte-0.0.1-SNAPSHOT.jar:0.0.1-SNAPSHOT]
	at org.springframework.boot.loader.Launcher.launch(Launcher.java:87) [latte-0.0.1-SNAPSHOT.jar:0.0.1-SNAPSHOT]
	at org.springframework.boot.loader.Launcher.launch(Launcher.java:50) [latte-0.0.1-SNAPSHOT.jar:0.0.1-SNAPSHOT]
	at org.springframework.boot.loader.JarLauncher.main(JarLauncher.java:51) [latte-0.0.1-SNAPSHOT.jar:0.0.1-SNAPSHOT]

2018-10-22 20:27:02.723 ERROR 10192 --- [main] o.apache.catalina.core.StandardService   : Failed to start connector [Connector[HTTP/1.1-8080]]

org.apache.catalina.LifecycleException: Failed to start component [Connector[HTTP/1.1-8080]]
	at org.apache.catalina.util.LifecycleBase.start(LifecycleBase.java:167) ~[tomcat-embed-core-8.5.15.jar!/:8.5.15]
	at org.apache.catalina.core.StandardService.addConnector(StandardService.java:225) ~[tomcat-embed-core-8.5.15.jar!/:8.5.15]
	at org.springframework.boot.context.embedded.tomcat.TomcatEmbeddedServletContainer.addPreviouslyRemovedConnectors(TomcatEmbeddedServletContainer.java:250) [spring-boot-1.5.4.RELEASE.jar!/:1.5.4.RELEASE]
	at org.springframework.boot.context.embedded.tomcat.TomcatEmbeddedServletContainer.start(TomcatEmbeddedServletContainer.java:193) [spring-boot-1.5.4.RELEASE.jar!/:1.5.4.RELEASE]
	at org.springframework.boot.context.embedded.EmbeddedWebApplicationContext.startEmbeddedServletContainer(EmbeddedWebApplicationContext.java:297) [spring-boot-1.5.4.RELEASE.jar!/:1.5.4.RELEASE]
	at org.springframework.boot.context.embedded.EmbeddedWebApplicationContext.finishRefresh(EmbeddedWebApplicationContext.java:145) [spring-boot-1.5.4.RELEASE.jar!/:1.5.4.RELEASE]
	at org.springframework.context.support.AbstractApplicationContext.refresh(AbstractApplicationContext.java:546) [spring-context-4.3.9.RELEASE.jar!/:4.3.9.RELEASE]
	at org.springframework.boot.context.embedded.EmbeddedWebApplicationContext.refresh(EmbeddedWebApplicationContext.java:122) [spring-boot-1.5.4.RELEASE.jar!/:1.5.4.RELEASE]
	at org.springframework.boot.SpringApplication.refresh(SpringApplication.java:693) [spring-boot-1.5.4.RELEASE.jar!/:1.5.4.RELEASE]
	at org.springframework.boot.SpringApplication.refreshContext(SpringApplication.java:360) [spring-boot-1.5.4.RELEASE.jar!/:1.5.4.RELEASE]
	at org.springframework.boot.SpringApplication.run(SpringApplication.java:303) [spring-boot-1.5.4.RELEASE.jar!/:1.5.4.RELEASE]
	at org.springframework.boot.SpringApplication.run(SpringApplication.java:1118) [spring-boot-1.5.4.RELEASE.jar!/:1.5.4.RELEASE]
	at org.springframework.boot.SpringApplication.run(SpringApplication.java:1107) [spring-boot-1.5.4.RELEASE.jar!/:1.5.4.RELEASE]
	at latte.LatteApplication.main(LatteApplication.java:10) [classes!/:0.0.1-SNAPSHOT]
	at sun.reflect.NativeMethodAccessorImpl.invoke0(Native Method) ~[na:1.8.0_141]
	at sun.reflect.NativeMethodAccessorImpl.invoke(Unknown Source) ~[na:1.8.0_141]
	at sun.reflect.DelegatingMethodAccessorImpl.invoke(Unknown Source) ~[na:1.8.0_141]
	at java.lang.reflect.Method.invoke(Unknown Source) ~[na:1.8.0_141]
	at org.springframework.boot.loader.MainMethodRunner.run(MainMethodRunner.java:48) [latte-0.0.1-SNAPSHOT.jar:0.0.1-SNAPSHOT]
	at org.springframework.boot.loader.Launcher.launch(Launcher.java:87) [latte-0.0.1-SNAPSHOT.jar:0.0.1-SNAPSHOT]
	at org.springframework.boot.loader.Launcher.launch(Launcher.java:50) [latte-0.0.1-SNAPSHOT.jar:0.0.1-SNAPSHOT]
	at org.springframework.boot.loader.JarLauncher.main(JarLauncher.java:51) [latte-0.0.1-SNAPSHOT.jar:0.0.1-SNAPSHOT]
Caused by: org.apache.catalina.LifecycleException: service.getName(): "Tomcat";  Protocol handler start failed
	at org.apache.catalina.connector.Connector.startInternal(Connector.java:1029) ~[tomcat-embed-core-8.5.15.jar!/:8.5.15]
	at org.apache.catalina.util.LifecycleBase.start(LifecycleBase.java:150) ~[tomcat-embed-core-8.5.15.jar!/:8.5.15]
	... 21 common frames omitted
Caused by: java.net.BindException: Address already in use: bind
	at sun.nio.ch.Net.bind0(Native Method) ~[na:1.8.0_141]
	at sun.nio.ch.Net.bind(Unknown Source) ~[na:1.8.0_141]
	at sun.nio.ch.Net.bind(Unknown Source) ~[na:1.8.0_141]
	at sun.nio.ch.ServerSocketChannelImpl.bind(Unknown Source) ~[na:1.8.0_141]
	at sun.nio.ch.ServerSocketAdaptor.bind(Unknown Source) ~[na:1.8.0_141]
	at org.apache.tomcat.util.net.NioEndpoint.bind(NioEndpoint.java:210) ~[tomcat-embed-core-8.5.15.jar!/:8.5.15]
	at org.apache.tomcat.util.net.AbstractEndpoint.start(AbstractEndpoint.java:978) ~[tomcat-embed-core-8.5.15.jar!/:8.5.15]
	at org.apache.coyote.AbstractProtocol.start(AbstractProtocol.java:628) ~[tomcat-embed-core-8.5.15.jar!/:8.5.15]
	at org.apache.catalina.connector.Connector.startInternal(Connector.java:1022) ~[tomcat-embed-core-8.5.15.jar!/:8.5.15]
	... 22 common frames omitted

2018-10-22 20:27:02.736  INFO 10192 --- [main] o.apache.catalina.core.StandardService   : Stopping service [Tomcat]
2018-10-22 20:27:02.750  INFO 10192 --- [main] utoConfigurationReportLoggingInitializer : 

Error starting ApplicationContext. To display the auto-configuration report re-run your application with 'debug' enabled.
2018-10-22 20:27:02.750 ERROR 10192 --- [main] o.s.b.d.LoggingFailureAnalysisReporter   : 

***************************
APPLICATION FAILED TO START
***************************

Description:

The Tomcat connector configured to listen on port 8080 failed to start. The port may already be in use or the connector may be misconfigured.

Action:

Verify the connector's configuration, identify and stop any process that's listening on port 8080, or configure this application to listen on another port.

2018-10-22 20:27:02.750  INFO 10192 --- [main] ationConfigEmbeddedWebApplicationContext : Closing org.springframework.boot.context.embedded.AnnotationConfigEmbeddedWebApplicationContext@5b37e0d2: startup date [Mon Oct 22 20:26:51 JST 2018]; root of context hierarchy
2018-10-22 20:27:02.750  INFO 10192 --- [main] o.s.j.e.a.AnnotationMBeanExporter        : Unregistering JMX-exposed beans on shutdown
2018-10-22 20:27:02.750  INFO 10192 --- [main] j.LocalContainerEntityManagerFactoryBean : Closing JPA EntityManagerFactory for persistence unit 'default'
